<?xml version="1.0" encoding="UTF-8"?>
<!-- Generated by org.testng.reporters.JUnitReportReporter -->
<testsuite hostname="DESKTOP-LIS2ISU" failures="0" tests="2" name="com.axiatadigitallabs.apitest.TestAPI_PUT_DELETE" time="48.647" errors="0" timestamp="2022-02-04T19:45:34 WIB" skipped="0">
  <testcase classname="com.axiatadigitallabs.apitest.TestAPI_PUT_DELETE" name="test01_put" time="41.424"/>
  <system-out/>
  <testcase classname="com.axiatadigitallabs.apitest.TestAPI_PUT_DELETE" name="test01_delete" time="7.223"/>
  <system-out/>
</testsuite> <!-- com.axiatadigitallabs.apitest.TestAPI_PUT_DELETE -->
