<?xml version="1.0" encoding="UTF-8"?>
<!-- Generated by org.testng.reporters.JUnitReportReporter -->
<testsuite hostname="DESKTOP-LIS2ISU" failures="0" tests="4" name="com.axiatadigitallabs.apitest.TestAPI_GET_POST" time="22.853" errors="0" timestamp="2022-02-04T19:50:46 WIB" skipped="0">
  <testcase classname="com.axiatadigitallabs.apitest.TestAPI_GET_POST" name="test01_post" time="4.251"/>
  <system-out/>
  <testcase classname="com.axiatadigitallabs.apitest.TestAPI_GET_POST" name="test_01_get_b" time="1.200"/>
  <system-out/>
  <testcase classname="com.axiatadigitallabs.apitest.TestAPI_GET_POST" name="test01_put" time="9.085"/>
  <system-out/>
  <testcase classname="com.axiatadigitallabs.apitest.TestAPI_GET_POST" name="test01_delete" time="8.317"/>
  <system-out/>
</testsuite> <!-- com.axiatadigitallabs.apitest.TestAPI_GET_POST -->
