<?xml version="1.0" encoding="UTF-8"?>
<!-- Generated by org.testng.reporters.JUnitReportReporter -->
<testsuite hostname="DESKTOP-LIS2ISU" failures="0" tests="4" name="com.axiatadigitallabs.apitest.TestAPI_ALL" time="25.891" errors="0" timestamp="2022-02-04T19:53:09 WIB" skipped="0">
  <testcase classname="com.axiatadigitallabs.apitest.TestAPI_ALL" name="test01_post" time="2.746"/>
  <system-out/>
  <testcase classname="com.axiatadigitallabs.apitest.TestAPI_ALL" name="test_01_get_b" time="1.297"/>
  <system-out/>
  <testcase classname="com.axiatadigitallabs.apitest.TestAPI_ALL" name="test01_put" time="12.292"/>
  <system-out/>
  <testcase classname="com.axiatadigitallabs.apitest.TestAPI_ALL" name="test01_delete" time="9.556"/>
  <system-out/>
</testsuite> <!-- com.axiatadigitallabs.apitest.TestAPI_ALL -->
